{"/home/runner/workspace/server/estimateEngine.ts": {"path":"/home/runner/workspace/server/estimateEngine.ts","statementMap":{"0":{"start":{"line":39,"column":27},"end":{"line":54,"column":null}},"1":{"start":{"line":60,"column":16},"end":{"line":64,"column":null}},"2":{"start":{"line":65,"column":2},"end":{"line":65,"column":null}},"3":{"start":{"line":72,"column":17},"end":{"line":78,"column":null}},"4":{"start":{"line":79,"column":2},"end":{"line":79,"column":null}},"5":{"start":{"line":91,"column":22},"end":{"line":91,"column":null}},"6":{"start":{"line":93,"column":23},"end":{"line":93,"column":null}},"7":{"start":{"line":94,"column":20},"end":{"line":94,"column":null}},"8":{"start":{"line":95,"column":24},"end":{"line":95,"column":null}},"9":{"start":{"line":98,"column":24},"end":{"line":98,"column":null}},"10":{"start":{"line":99,"column":20},"end":{"line":99,"column":null}},"11":{"start":{"line":101,"column":21},"end":{"line":101,"column":null}},"12":{"start":{"line":103,"column":2},"end":{"line":117,"column":null}},"13":{"start":{"line":128,"column":25},"end":{"line":128,"column":null}},"14":{"start":{"line":129,"column":22},"end":{"line":129,"column":null}},"15":{"start":{"line":130,"column":26},"end":{"line":130,"column":null}},"16":{"start":{"line":131,"column":20},"end":{"line":131,"column":null}},"17":{"start":{"line":133,"column":2},"end":{"line":138,"column":null}},"18":{"start":{"line":134,"column":4},"end":{"line":134,"column":null}},"19":{"start":{"line":135,"column":4},"end":{"line":135,"column":null}},"20":{"start":{"line":136,"column":4},"end":{"line":136,"column":null}},"21":{"start":{"line":137,"column":4},"end":{"line":137,"column":null}},"22":{"start":{"line":140,"column":19},"end":{"line":140,"column":null}},"23":{"start":{"line":143,"column":24},"end":{"line":150,"column":null}},"24":{"start":{"line":144,"column":15},"end":{"line":144,"column":null}},"25":{"start":{"line":145,"column":4},"end":{"line":145,"column":null}},"26":{"start":{"line":145,"column":17},"end":{"line":145,"column":null}},"27":{"start":{"line":146,"column":10},"end":{"line":148,"column":null}},"28":{"start":{"line":149,"column":4},"end":{"line":149,"column":null}},"29":{"start":{"line":152,"column":20},"end":{"line":152,"column":null}},"30":{"start":{"line":155,"column":25},"end":{"line":155,"column":null}},"31":{"start":{"line":156,"column":25},"end":{"line":156,"column":null}},"32":{"start":{"line":157,"column":22},"end":{"line":157,"column":null}},"33":{"start":{"line":158,"column":20},"end":{"line":158,"column":null}},"34":{"start":{"line":159,"column":25},"end":{"line":159,"column":null}},"35":{"start":{"line":160,"column":23},"end":{"line":160,"column":null}},"36":{"start":{"line":162,"column":22},"end":{"line":162,"column":null}},"37":{"start":{"line":164,"column":2},"end":{"line":177,"column":null}},"38":{"start":{"line":188,"column":27},"end":{"line":188,"column":null}},"39":{"start":{"line":189,"column":29},"end":{"line":189,"column":null}},"40":{"start":{"line":190,"column":16},"end":{"line":190,"column":null}},"41":{"start":{"line":193,"column":2},"end":{"line":198,"column":null}},"42":{"start":{"line":194,"column":4},"end":{"line":196,"column":null}},"43":{"start":{"line":195,"column":6},"end":{"line":195,"column":null}},"44":{"start":{"line":197,"column":4},"end":{"line":197,"column":null}},"45":{"start":{"line":201,"column":21},"end":{"line":201,"column":null}},"46":{"start":{"line":201,"column":44},"end":{"line":201,"column":55}},"47":{"start":{"line":204,"column":2},"end":{"line":206,"column":null}},"48":{"start":{"line":205,"column":4},"end":{"line":205,"column":null}},"49":{"start":{"line":208,"column":2},"end":{"line":210,"column":null}},"50":{"start":{"line":209,"column":4},"end":{"line":209,"column":null}},"51":{"start":{"line":213,"column":2},"end":{"line":217,"column":null}},"52":{"start":{"line":214,"column":4},"end":{"line":216,"column":null}},"53":{"start":{"line":215,"column":6},"end":{"line":215,"column":null}},"54":{"start":{"line":219,"column":2},"end":{"line":223,"column":null}},"55":{"start":{"line":230,"column":32},"end":{"line":230,"column":null}},"56":{"start":{"line":231,"column":16},"end":{"line":231,"column":null}},"57":{"start":{"line":231,"column":39},"end":{"line":231,"column":45}},"58":{"start":{"line":232,"column":21},"end":{"line":232,"column":null}},"59":{"start":{"line":232,"column":44},"end":{"line":232,"column":55}},"60":{"start":{"line":235,"column":2},"end":{"line":237,"column":null}},"61":{"start":{"line":236,"column":4},"end":{"line":236,"column":null}},"62":{"start":{"line":240,"column":2},"end":{"line":242,"column":null}},"63":{"start":{"line":241,"column":4},"end":{"line":241,"column":null}},"64":{"start":{"line":245,"column":2},"end":{"line":247,"column":null}},"65":{"start":{"line":246,"column":4},"end":{"line":246,"column":null}},"66":{"start":{"line":250,"column":2},"end":{"line":252,"column":null}},"67":{"start":{"line":251,"column":4},"end":{"line":251,"column":null}},"68":{"start":{"line":254,"column":2},"end":{"line":254,"column":null}}},"fnMap":{"0":{"name":"lookupCatalogItem","decl":{"start":{"line":59,"column":22},"end":{"line":59,"column":40}},"loc":{"start":{"line":59,"column":54},"end":{"line":66,"column":null}},"line":59},"1":{"name":"getRegionalPrice","decl":{"start":{"line":71,"column":22},"end":{"line":71,"column":39}},"loc":{"start":{"line":71,"column":71},"end":{"line":80,"column":null}},"line":71},"2":{"name":"calculateLineItemPrice","decl":{"start":{"line":85,"column":16},"end":{"line":85,"column":null}},"loc":{"start":{"line":90,"column":18},"end":{"line":118,"column":null}},"line":90},"3":{"name":"calculateEstimateTotals","decl":{"start":{"line":124,"column":16},"end":{"line":124,"column":null}},"loc":{"start":{"line":127,"column":18},"end":{"line":178,"column":null}},"line":127},"4":{"name":"(anonymous_4)","decl":{"start":{"line":143,"column":43},"end":{"line":143,"column":44}},"loc":{"start":{"line":143,"column":58},"end":{"line":150,"column":5}},"line":143},"5":{"name":"validateEstimate","decl":{"start":{"line":183,"column":22},"end":{"line":183,"column":39}},"loc":{"start":{"line":187,"column":3},"end":{"line":224,"column":null}},"line":187},"6":{"name":"(anonymous_6)","decl":{"start":{"line":201,"column":39},"end":{"line":201,"column":44}},"loc":{"start":{"line":201,"column":44},"end":{"line":201,"column":55}},"line":201},"7":{"name":"getCompanionSuggestions","decl":{"start":{"line":229,"column":22},"end":{"line":229,"column":46}},"loc":{"start":{"line":229,"column":90},"end":{"line":255,"column":null}},"line":229},"8":{"name":"(anonymous_8)","decl":{"start":{"line":231,"column":34},"end":{"line":231,"column":39}},"loc":{"start":{"line":231,"column":39},"end":{"line":231,"column":45}},"line":231},"9":{"name":"(anonymous_9)","decl":{"start":{"line":232,"column":39},"end":{"line":232,"column":44}},"loc":{"start":{"line":232,"column":44},"end":{"line":232,"column":55}},"line":232}},"branchMap":{"0":{"loc":{"start":{"line":65,"column":9},"end":{"line":65,"column":null}},"type":"binary-expr","locations":[{"start":{"line":65,"column":9},"end":{"line":65,"column":21}},{"start":{"line":65,"column":21},"end":{"line":65,"column":null}}],"line":65},"1":{"loc":{"start":{"line":79,"column":9},"end":{"line":79,"column":null}},"type":"binary-expr","locations":[{"start":{"line":79,"column":9},"end":{"line":79,"column":22}},{"start":{"line":79,"column":22},"end":{"line":79,"column":null}}],"line":79},"2":{"loc":{"start":{"line":91,"column":22},"end":{"line":91,"column":null}},"type":"binary-expr","locations":[{"start":{"line":91,"column":22},"end":{"line":91,"column":46}},{"start":{"line":91,"column":46},"end":{"line":91,"column":81}},{"start":{"line":91,"column":81},"end":{"line":91,"column":null}}],"line":91},"3":{"loc":{"start":{"line":93,"column":23},"end":{"line":93,"column":null}},"type":"binary-expr","locations":[{"start":{"line":93,"column":23},"end":{"line":93,"column":54}},{"start":{"line":93,"column":54},"end":{"line":93,"column":null}}],"line":93},"4":{"loc":{"start":{"line":94,"column":20},"end":{"line":94,"column":null}},"type":"binary-expr","locations":[{"start":{"line":94,"column":20},"end":{"line":94,"column":48}},{"start":{"line":94,"column":48},"end":{"line":94,"column":null}}],"line":94},"5":{"loc":{"start":{"line":95,"column":24},"end":{"line":95,"column":null}},"type":"binary-expr","locations":[{"start":{"line":95,"column":24},"end":{"line":95,"column":56}},{"start":{"line":95,"column":56},"end":{"line":95,"column":null}}],"line":95},"6":{"loc":{"start":{"line":126,"column":2},"end":{"line":126,"column":null}},"type":"default-arg","locations":[{"start":{"line":126,"column":20},"end":{"line":126,"column":null}}],"line":126},"7":{"loc":{"start":{"line":145,"column":4},"end":{"line":145,"column":null}},"type":"if","locations":[{"start":{"line":145,"column":4},"end":{"line":145,"column":null}},{"start":{},"end":{}}],"line":145},"8":{"loc":{"start":{"line":159,"column":25},"end":{"line":159,"column":null}},"type":"cond-expr","locations":[{"start":{"line":159,"column":42},"end":{"line":159,"column":67}},{"start":{"line":159,"column":67},"end":{"line":159,"column":null}}],"line":159},"9":{"loc":{"start":{"line":160,"column":23},"end":{"line":160,"column":null}},"type":"cond-expr","locations":[{"start":{"line":160,"column":40},"end":{"line":160,"column":63}},{"start":{"line":160,"column":63},"end":{"line":160,"column":null}}],"line":160},"10":{"loc":{"start":{"line":194,"column":4},"end":{"line":196,"column":null}},"type":"if","locations":[{"start":{"line":194,"column":4},"end":{"line":196,"column":null}},{"start":{},"end":{}}],"line":194},"11":{"loc":{"start":{"line":204,"column":2},"end":{"line":206,"column":null}},"type":"if","locations":[{"start":{"line":204,"column":2},"end":{"line":206,"column":null}},{"start":{},"end":{}}],"line":204},"12":{"loc":{"start":{"line":204,"column":6},"end":{"line":204,"column":55}},"type":"binary-expr","locations":[{"start":{"line":204,"column":6},"end":{"line":204,"column":31}},{"start":{"line":204,"column":31},"end":{"line":204,"column":55}}],"line":204},"13":{"loc":{"start":{"line":208,"column":2},"end":{"line":210,"column":null}},"type":"if","locations":[{"start":{"line":208,"column":2},"end":{"line":210,"column":null}},{"start":{},"end":{}}],"line":208},"14":{"loc":{"start":{"line":208,"column":6},"end":{"line":208,"column":55}},"type":"binary-expr","locations":[{"start":{"line":208,"column":6},"end":{"line":208,"column":31}},{"start":{"line":208,"column":31},"end":{"line":208,"column":55}}],"line":208},"15":{"loc":{"start":{"line":214,"column":4},"end":{"line":216,"column":null}},"type":"if","locations":[{"start":{"line":214,"column":4},"end":{"line":216,"column":null}},{"start":{},"end":{}}],"line":214},"16":{"loc":{"start":{"line":214,"column":8},"end":{"line":214,"column":46}},"type":"binary-expr","locations":[{"start":{"line":214,"column":8},"end":{"line":214,"column":26}},{"start":{"line":214,"column":26},"end":{"line":214,"column":46}}],"line":214},"17":{"loc":{"start":{"line":235,"column":2},"end":{"line":237,"column":null}},"type":"if","locations":[{"start":{"line":235,"column":2},"end":{"line":237,"column":null}},{"start":{},"end":{}}],"line":235},"18":{"loc":{"start":{"line":235,"column":6},"end":{"line":235,"column":59}},"type":"binary-expr","locations":[{"start":{"line":235,"column":6},"end":{"line":235,"column":31}},{"start":{"line":235,"column":31},"end":{"line":235,"column":59}}],"line":235},"19":{"loc":{"start":{"line":240,"column":2},"end":{"line":242,"column":null}},"type":"if","locations":[{"start":{"line":240,"column":2},"end":{"line":242,"column":null}},{"start":{},"end":{}}],"line":240},"20":{"loc":{"start":{"line":240,"column":6},"end":{"line":240,"column":58}},"type":"binary-expr","locations":[{"start":{"line":240,"column":6},"end":{"line":240,"column":31}},{"start":{"line":240,"column":31},"end":{"line":240,"column":58}}],"line":240},"21":{"loc":{"start":{"line":245,"column":2},"end":{"line":247,"column":null}},"type":"if","locations":[{"start":{"line":245,"column":2},"end":{"line":247,"column":null}},{"start":{},"end":{}}],"line":245},"22":{"loc":{"start":{"line":245,"column":6},"end":{"line":245,"column":58}},"type":"binary-expr","locations":[{"start":{"line":245,"column":6},"end":{"line":245,"column":31}},{"start":{"line":245,"column":31},"end":{"line":245,"column":58}}],"line":245},"23":{"loc":{"start":{"line":250,"column":2},"end":{"line":252,"column":null}},"type":"if","locations":[{"start":{"line":250,"column":2},"end":{"line":252,"column":null}},{"start":{},"end":{}}],"line":250},"24":{"loc":{"start":{"line":250,"column":6},"end":{"line":250,"column":57}},"type":"binary-expr","locations":[{"start":{"line":250,"column":6},"end":{"line":250,"column":31}},{"start":{"line":250,"column":31},"end":{"line":250,"column":57}}],"line":250}},"s":{"0":1,"1":0,"2":0,"3":0,"4":0,"5":8,"6":8,"7":8,"8":8,"9":8,"10":8,"11":8,"12":8,"13":8,"14":8,"15":8,"16":8,"17":8,"18":15,"19":15,"20":15,"21":15,"22":8,"23":8,"24":15,"25":15,"26":0,"27":15,"28":15,"29":8,"30":8,"31":8,"32":8,"33":8,"34":8,"35":8,"36":8,"37":8,"38":6,"39":6,"40":6,"41":6,"42":7,"43":1,"44":7,"45":6,"46":7,"47":6,"48":5,"49":6,"50":1,"51":6,"52":7,"53":2,"54":6,"55":6,"56":6,"57":7,"58":6,"59":7,"60":6,"61":1,"62":6,"63":1,"64":6,"65":1,"66":6,"67":1,"68":6},"f":{"0":0,"1":0,"2":8,"3":8,"4":15,"5":6,"6":7,"7":6,"8":7,"9":7},"b":{"0":[0,0],"1":[0,0],"2":[8,7,1],"3":[8,1],"4":[8,1],"5":[8,1],"6":[8],"7":[0,15],"8":[2,6],"9":[2,6],"10":[1,6],"11":[5,1],"12":[6,5],"13":[1,5],"14":[6,1],"15":[2,5],"16":[7,6],"17":[1,5],"18":[6,1],"19":[1,5],"20":[6,2],"21":[1,5],"22":[6,1],"23":[1,5],"24":[6,1]},"meta":{"lastBranch":25,"lastFunction":10,"lastStatement":69,"seen":{"s:39:27:54:Infinity":0,"f:59:22:59:40":0,"s:60:16:64:Infinity":1,"s:65:2:65:Infinity":2,"b:65:9:65:21:65:21:65:Infinity":0,"f:71:22:71:39":1,"s:72:17:78:Infinity":3,"s:79:2:79:Infinity":4,"b:79:9:79:22:79:22:79:Infinity":1,"f:85:16:85:Infinity":2,"s:91:22:91:Infinity":5,"b:91:22:91:46:91:46:91:81:91:81:91:Infinity":2,"s:93:23:93:Infinity":6,"b:93:23:93:54:93:54:93:Infinity":3,"s:94:20:94:Infinity":7,"b:94:20:94:48:94:48:94:Infinity":4,"s:95:24:95:Infinity":8,"b:95:24:95:56:95:56:95:Infinity":5,"s:98:24:98:Infinity":9,"s:99:20:99:Infinity":10,"s:101:21:101:Infinity":11,"s:103:2:117:Infinity":12,"f:124:16:124:Infinity":3,"b:126:20:126:Infinity":6,"s:128:25:128:Infinity":13,"s:129:22:129:Infinity":14,"s:130:26:130:Infinity":15,"s:131:20:131:Infinity":16,"s:133:2:138:Infinity":17,"s:134:4:134:Infinity":18,"s:135:4:135:Infinity":19,"s:136:4:136:Infinity":20,"s:137:4:137:Infinity":21,"s:140:19:140:Infinity":22,"s:143:24:150:Infinity":23,"f:143:43:143:44":4,"s:144:15:144:Infinity":24,"b:145:4:145:Infinity:undefined:undefined:undefined:undefined":7,"s:145:4:145:Infinity":25,"s:145:17:145:Infinity":26,"s:146:10:148:Infinity":27,"s:149:4:149:Infinity":28,"s:152:20:152:Infinity":29,"s:155:25:155:Infinity":30,"s:156:25:156:Infinity":31,"s:157:22:157:Infinity":32,"s:158:20:158:Infinity":33,"s:159:25:159:Infinity":34,"b:159:42:159:67:159:67:159:Infinity":8,"s:160:23:160:Infinity":35,"b:160:40:160:63:160:63:160:Infinity":9,"s:162:22:162:Infinity":36,"s:164:2:177:Infinity":37,"f:183:22:183:39":5,"s:188:27:188:Infinity":38,"s:189:29:189:Infinity":39,"s:190:16:190:Infinity":40,"s:193:2:198:Infinity":41,"b:194:4:196:Infinity:undefined:undefined:undefined:undefined":10,"s:194:4:196:Infinity":42,"s:195:6:195:Infinity":43,"s:197:4:197:Infinity":44,"s:201:21:201:Infinity":45,"f:201:39:201:44":6,"s:201:44:201:55":46,"b:204:2:206:Infinity:undefined:undefined:undefined:undefined":11,"s:204:2:206:Infinity":47,"b:204:6:204:31:204:31:204:55":12,"s:205:4:205:Infinity":48,"b:208:2:210:Infinity:undefined:undefined:undefined:undefined":13,"s:208:2:210:Infinity":49,"b:208:6:208:31:208:31:208:55":14,"s:209:4:209:Infinity":50,"s:213:2:217:Infinity":51,"b:214:4:216:Infinity:undefined:undefined:undefined:undefined":15,"s:214:4:216:Infinity":52,"b:214:8:214:26:214:26:214:46":16,"s:215:6:215:Infinity":53,"s:219:2:223:Infinity":54,"f:229:22:229:46":7,"s:230:32:230:Infinity":55,"s:231:16:231:Infinity":56,"f:231:34:231:39":8,"s:231:39:231:45":57,"s:232:21:232:Infinity":58,"f:232:39:232:44":9,"s:232:44:232:55":59,"b:235:2:237:Infinity:undefined:undefined:undefined:undefined":17,"s:235:2:237:Infinity":60,"b:235:6:235:31:235:31:235:59":18,"s:236:4:236:Infinity":61,"b:240:2:242:Infinity:undefined:undefined:undefined:undefined":19,"s:240:2:242:Infinity":62,"b:240:6:240:31:240:31:240:58":20,"s:241:4:241:Infinity":63,"b:245:2:247:Infinity:undefined:undefined:undefined:undefined":21,"s:245:2:247:Infinity":64,"b:245:6:245:31:245:31:245:58":22,"s:246:4:246:Infinity":65,"b:250:2:252:Infinity:undefined:undefined:undefined:undefined":23,"s:250:2:252:Infinity":66,"b:250:6:250:31:250:31:250:57":24,"s:251:4:251:Infinity":67,"s:254:2:254:Infinity":68}}}
,"/home/runner/workspace/server/esxGenerator.ts": {"path":"/home/runner/workspace/server/esxGenerator.ts","statementMap":{"0":{"start":{"line":26,"column":18},"end":{"line":26,"column":null}},"1":{"start":{"line":27,"column":2},"end":{"line":27,"column":null}},"2":{"start":{"line":27,"column":16},"end":{"line":27,"column":null}},"3":{"start":{"line":29,"column":16},"end":{"line":29,"column":null}},"4":{"start":{"line":30,"column":2},"end":{"line":30,"column":null}},"5":{"start":{"line":30,"column":14},"end":{"line":30,"column":null}},"6":{"start":{"line":32,"column":16},"end":{"line":32,"column":null}},"7":{"start":{"line":33,"column":16},"end":{"line":33,"column":null}},"8":{"start":{"line":34,"column":18},"end":{"line":34,"column":null}},"9":{"start":{"line":37,"column":38},"end":{"line":52,"column":null}},"10":{"start":{"line":37,"column":59},"end":{"line":52,"column":4}},"11":{"start":{"line":51,"column":28},"end":{"line":51,"column":48}},"12":{"start":{"line":55,"column":21},"end":{"line":55,"column":null}},"13":{"start":{"line":58,"column":24},"end":{"line":58,"column":null}},"14":{"start":{"line":61,"column":2},"end":{"line":74,"column":null}},"15":{"start":{"line":62,"column":29},"end":{"line":62,"column":null}},"16":{"start":{"line":63,"column":10},"end":{"line":63,"column":null}},"17":{"start":{"line":65,"column":4},"end":{"line":65,"column":null}},"18":{"start":{"line":65,"column":33},"end":{"line":65,"column":50}},"19":{"start":{"line":66,"column":4},"end":{"line":66,"column":null}},"20":{"start":{"line":67,"column":4},"end":{"line":69,"column":null}},"21":{"start":{"line":68,"column":6},"end":{"line":68,"column":null}},"22":{"start":{"line":71,"column":4},"end":{"line":71,"column":null}},"23":{"start":{"line":72,"column":4},"end":{"line":72,"column":null}},"24":{"start":{"line":73,"column":4},"end":{"line":73,"column":null}},"25":{"start":{"line":78,"column":24},"end":{"line":78,"column":null}},"26":{"start":{"line":80,"column":2},"end":{"line":120,"column":null}},"27":{"start":{"line":128,"column":55},"end":{"line":128,"column":null}},"28":{"start":{"line":129,"column":2},"end":{"line":133,"column":null}},"29":{"start":{"line":130,"column":20},"end":{"line":130,"column":null}},"30":{"start":{"line":131,"column":4},"end":{"line":131,"column":null}},"31":{"start":{"line":131,"column":30},"end":{"line":131,"column":null}},"32":{"start":{"line":132,"column":4},"end":{"line":132,"column":null}},"33":{"start":{"line":135,"column":17},"end":{"line":135,"column":null}},"34":{"start":{"line":137,"column":2},"end":{"line":171,"column":null}},"35":{"start":{"line":139,"column":17},"end":{"line":139,"column":null}},"36":{"start":{"line":139,"column":35},"end":{"line":139,"column":54}},"37":{"start":{"line":140,"column":17},"end":{"line":140,"column":null}},"38":{"start":{"line":142,"column":10},"end":{"line":142,"column":null}},"39":{"start":{"line":143,"column":10},"end":{"line":143,"column":null}},"40":{"start":{"line":144,"column":19},"end":{"line":144,"column":null}},"41":{"start":{"line":145,"column":10},"end":{"line":145,"column":null}},"42":{"start":{"line":147,"column":4},"end":{"line":153,"column":null}},"43":{"start":{"line":158,"column":4},"end":{"line":166,"column":null}},"44":{"start":{"line":159,"column":23},"end":{"line":159,"column":null}},"45":{"start":{"line":159,"column":50},"end":{"line":159,"column":67}},"46":{"start":{"line":160,"column":23},"end":{"line":160,"column":null}},"47":{"start":{"line":161,"column":23},"end":{"line":161,"column":null}},"48":{"start":{"line":162,"column":23},"end":{"line":162,"column":null}},"49":{"start":{"line":164,"column":6},"end":{"line":164,"column":null}},"50":{"start":{"line":168,"column":4},"end":{"line":168,"column":null}},"51":{"start":{"line":173,"column":2},"end":{"line":178,"column":null}},"52":{"start":{"line":186,"column":2},"end":{"line":191,"column":null}}},"fnMap":{"0":{"name":"generateESXFile","decl":{"start":{"line":24,"column":22},"end":{"line":24,"column":38}},"loc":{"start":{"line":24,"column":93},"end":{"line":75,"column":null}},"line":24},"1":{"name":"(anonymous_1)","decl":{"start":{"line":37,"column":48},"end":{"line":37,"column":49}},"loc":{"start":{"line":37,"column":59},"end":{"line":52,"column":4}},"line":37},"2":{"name":"(anonymous_2)","decl":{"start":{"line":51,"column":21},"end":{"line":51,"column":22}},"loc":{"start":{"line":51,"column":28},"end":{"line":51,"column":48}},"line":51},"3":{"name":"(anonymous_3)","decl":{"start":{"line":61,"column":21},"end":{"line":61,"column":22}},"loc":{"start":{"line":61,"column":42},"end":{"line":74,"column":3}},"line":61},"4":{"name":"(anonymous_4)","decl":{"start":{"line":65,"column":23},"end":{"line":65,"column":24}},"loc":{"start":{"line":65,"column":33},"end":{"line":65,"column":50}},"line":65},"5":{"name":"(anonymous_5)","decl":{"start":{"line":67,"column":22},"end":{"line":67,"column":28}},"loc":{"start":{"line":67,"column":28},"end":{"line":69,"column":5}},"line":67},"6":{"name":"generateXactdoc","decl":{"start":{"line":77,"column":9},"end":{"line":77,"column":25}},"loc":{"start":{"line":77,"column":85},"end":{"line":124,"column":null}},"line":77},"7":{"name":"generateRoughDraft","decl":{"start":{"line":126,"column":9},"end":{"line":126,"column":28}},"loc":{"start":{"line":126,"column":98},"end":{"line":183,"column":null}},"line":126},"8":{"name":"(anonymous_8)","decl":{"start":{"line":129,"column":20},"end":{"line":129,"column":21}},"loc":{"start":{"line":129,"column":30},"end":{"line":133,"column":3}},"line":129},"9":{"name":"(anonymous_9)","decl":{"start":{"line":137,"column":37},"end":{"line":137,"column":38}},"loc":{"start":{"line":137,"column":64},"end":{"line":171,"column":3}},"line":137},"10":{"name":"(anonymous_10)","decl":{"start":{"line":139,"column":28},"end":{"line":139,"column":29}},"loc":{"start":{"line":139,"column":35},"end":{"line":139,"column":54}},"line":139},"11":{"name":"(anonymous_11)","decl":{"start":{"line":158,"column":22},"end":{"line":158,"column":23}},"loc":{"start":{"line":158,"column":37},"end":{"line":166,"column":5}},"line":158},"12":{"name":"(anonymous_12)","decl":{"start":{"line":159,"column":42},"end":{"line":159,"column":43}},"loc":{"start":{"line":159,"column":50},"end":{"line":159,"column":67}},"line":159},"13":{"name":"escapeXml","decl":{"start":{"line":185,"column":9},"end":{"line":185,"column":19}},"loc":{"start":{"line":185,"column":40},"end":{"line":192,"column":null}},"line":185}},"branchMap":{"0":{"loc":{"start":{"line":27,"column":2},"end":{"line":27,"column":null}},"type":"if","locations":[{"start":{"line":27,"column":2},"end":{"line":27,"column":null}},{"start":{},"end":{}}],"line":27},"1":{"loc":{"start":{"line":30,"column":2},"end":{"line":30,"column":null}},"type":"if","locations":[{"start":{"line":30,"column":2},"end":{"line":30,"column":null}},{"start":{},"end":{}}],"line":30},"2":{"loc":{"start":{"line":41,"column":12},"end":{"line":41,"column":null}},"type":"binary-expr","locations":[{"start":{"line":41,"column":12},"end":{"line":41,"column":27}},{"start":{"line":41,"column":27},"end":{"line":41,"column":null}}],"line":41},"3":{"loc":{"start":{"line":42,"column":14},"end":{"line":42,"column":null}},"type":"binary-expr","locations":[{"start":{"line":42,"column":14},"end":{"line":42,"column":31}},{"start":{"line":42,"column":31},"end":{"line":42,"column":null}}],"line":42},"4":{"loc":{"start":{"line":43,"column":10},"end":{"line":43,"column":null}},"type":"binary-expr","locations":[{"start":{"line":43,"column":10},"end":{"line":43,"column":23}},{"start":{"line":43,"column":23},"end":{"line":43,"column":null}}],"line":43},"5":{"loc":{"start":{"line":44,"column":15},"end":{"line":44,"column":null}},"type":"binary-expr","locations":[{"start":{"line":44,"column":15},"end":{"line":44,"column":33}},{"start":{"line":44,"column":33},"end":{"line":44,"column":null}}],"line":44},"6":{"loc":{"start":{"line":45,"column":17},"end":{"line":45,"column":41}},"type":"binary-expr","locations":[{"start":{"line":45,"column":17},"end":{"line":45,"column":36}},{"start":{"line":45,"column":36},"end":{"line":45,"column":41}}],"line":45},"7":{"loc":{"start":{"line":46,"column":18},"end":{"line":46,"column":42}},"type":"binary-expr","locations":[{"start":{"line":46,"column":18},"end":{"line":46,"column":37}},{"start":{"line":46,"column":37},"end":{"line":46,"column":42}}],"line":46},"8":{"loc":{"start":{"line":47,"column":15},"end":{"line":47,"column":39}},"type":"binary-expr","locations":[{"start":{"line":47,"column":15},"end":{"line":47,"column":34}},{"start":{"line":47,"column":34},"end":{"line":47,"column":39}}],"line":47},"9":{"loc":{"start":{"line":48,"column":10},"end":{"line":48,"column":34}},"type":"binary-expr","locations":[{"start":{"line":48,"column":10},"end":{"line":48,"column":29}},{"start":{"line":48,"column":29},"end":{"line":48,"column":34}}],"line":48},"10":{"loc":{"start":{"line":49,"column":15},"end":{"line":49,"column":39}},"type":"binary-expr","locations":[{"start":{"line":49,"column":15},"end":{"line":49,"column":34}},{"start":{"line":49,"column":34},"end":{"line":49,"column":39}}],"line":49},"11":{"loc":{"start":{"line":50,"column":14},"end":{"line":50,"column":null}},"type":"binary-expr","locations":[{"start":{"line":50,"column":14},"end":{"line":50,"column":33}},{"start":{"line":50,"column":33},"end":{"line":50,"column":null}}],"line":50},"12":{"loc":{"start":{"line":51,"column":10},"end":{"line":51,"column":null}},"type":"binary-expr","locations":[{"start":{"line":51,"column":10},"end":{"line":51,"column":59}},{"start":{"line":51,"column":59},"end":{"line":51,"column":null}}],"line":51},"13":{"loc":{"start":{"line":100,"column":24},"end":{"line":100,"column":48}},"type":"binary-expr","locations":[{"start":{"line":100,"column":24},"end":{"line":100,"column":46}},{"start":{"line":100,"column":46},"end":{"line":100,"column":48}}],"line":100},"14":{"loc":{"start":{"line":101,"column":27},"end":{"line":101,"column":55}},"type":"binary-expr","locations":[{"start":{"line":101,"column":27},"end":{"line":101,"column":53}},{"start":{"line":101,"column":53},"end":{"line":101,"column":55}}],"line":101},"15":{"loc":{"start":{"line":102,"column":24},"end":{"line":102,"column":41}},"type":"binary-expr","locations":[{"start":{"line":102,"column":24},"end":{"line":102,"column":39}},{"start":{"line":102,"column":39},"end":{"line":102,"column":41}}],"line":102},"16":{"loc":{"start":{"line":103,"column":15},"end":{"line":103,"column":33}},"type":"binary-expr","locations":[{"start":{"line":103,"column":15},"end":{"line":103,"column":31}},{"start":{"line":103,"column":31},"end":{"line":103,"column":33}}],"line":103},"17":{"loc":{"start":{"line":104,"column":13},"end":{"line":104,"column":29}},"type":"binary-expr","locations":[{"start":{"line":104,"column":13},"end":{"line":104,"column":27}},{"start":{"line":104,"column":27},"end":{"line":104,"column":29}}],"line":104},"18":{"loc":{"start":{"line":111,"column":18},"end":{"line":111,"column":41}},"type":"binary-expr","locations":[{"start":{"line":111,"column":18},"end":{"line":111,"column":39}},{"start":{"line":111,"column":39},"end":{"line":111,"column":41}}],"line":111},"19":{"loc":{"start":{"line":114,"column":31},"end":{"line":114,"column":55}},"type":"binary-expr","locations":[{"start":{"line":114,"column":31},"end":{"line":114,"column":53}},{"start":{"line":114,"column":53},"end":{"line":114,"column":55}}],"line":114},"20":{"loc":{"start":{"line":120,"column":26},"end":{"line":120,"column":83}},"type":"cond-expr","locations":[{"start":{"line":120,"column":57},"end":{"line":120,"column":73}},{"start":{"line":120,"column":73},"end":{"line":120,"column":83}}],"line":120},"21":{"loc":{"start":{"line":130,"column":20},"end":{"line":130,"column":null}},"type":"binary-expr","locations":[{"start":{"line":130,"column":20},"end":{"line":130,"column":33}},{"start":{"line":130,"column":33},"end":{"line":130,"column":null}}],"line":130},"22":{"loc":{"start":{"line":131,"column":4},"end":{"line":131,"column":null}},"type":"if","locations":[{"start":{"line":131,"column":4},"end":{"line":131,"column":null}},{"start":{},"end":{}}],"line":131},"23":{"loc":{"start":{"line":140,"column":17},"end":{"line":140,"column":null}},"type":"binary-expr","locations":[{"start":{"line":140,"column":17},"end":{"line":140,"column":37}},{"start":{"line":140,"column":37},"end":{"line":140,"column":null}}],"line":140},"24":{"loc":{"start":{"line":142,"column":21},"end":{"line":142,"column":42}},"type":"binary-expr","locations":[{"start":{"line":142,"column":21},"end":{"line":142,"column":36}},{"start":{"line":142,"column":36},"end":{"line":142,"column":42}}],"line":142},"25":{"loc":{"start":{"line":142,"column":42},"end":{"line":142,"column":62}},"type":"binary-expr","locations":[{"start":{"line":142,"column":42},"end":{"line":142,"column":56}},{"start":{"line":142,"column":56},"end":{"line":142,"column":62}}],"line":142},"26":{"loc":{"start":{"line":142,"column":67},"end":{"line":142,"column":null}},"type":"binary-expr","locations":[{"start":{"line":142,"column":67},"end":{"line":142,"column":82}},{"start":{"line":142,"column":82},"end":{"line":142,"column":null}}],"line":142},"27":{"loc":{"start":{"line":143,"column":21},"end":{"line":143,"column":42}},"type":"binary-expr","locations":[{"start":{"line":143,"column":21},"end":{"line":143,"column":36}},{"start":{"line":143,"column":36},"end":{"line":143,"column":42}}],"line":143},"28":{"loc":{"start":{"line":143,"column":42},"end":{"line":143,"column":null}},"type":"binary-expr","locations":[{"start":{"line":143,"column":42},"end":{"line":143,"column":56}},{"start":{"line":143,"column":56},"end":{"line":143,"column":null}}],"line":143},"29":{"loc":{"start":{"line":145,"column":22},"end":{"line":145,"column":43}},"type":"binary-expr","locations":[{"start":{"line":145,"column":22},"end":{"line":145,"column":37}},{"start":{"line":145,"column":37},"end":{"line":145,"column":43}}],"line":145},"30":{"loc":{"start":{"line":145,"column":43},"end":{"line":145,"column":63}},"type":"binary-expr","locations":[{"start":{"line":145,"column":43},"end":{"line":145,"column":57}},{"start":{"line":145,"column":57},"end":{"line":145,"column":63}}],"line":145},"31":{"loc":{"start":{"line":148,"column":33},"end":{"line":148,"column":57}},"type":"binary-expr","locations":[{"start":{"line":148,"column":33},"end":{"line":148,"column":51}},{"start":{"line":148,"column":51},"end":{"line":148,"column":57}}],"line":148},"32":{"loc":{"start":{"line":148,"column":70},"end":{"line":148,"column":86}},"type":"binary-expr","locations":[{"start":{"line":148,"column":70},"end":{"line":148,"column":85}},{"start":{"line":148,"column":85},"end":{"line":148,"column":86}}],"line":148},"33":{"loc":{"start":{"line":148,"column":98},"end":{"line":148,"column":113}},"type":"binary-expr","locations":[{"start":{"line":148,"column":98},"end":{"line":148,"column":112}},{"start":{"line":148,"column":112},"end":{"line":148,"column":113}}],"line":148},"34":{"loc":{"start":{"line":148,"column":126},"end":{"line":148,"column":142}},"type":"binary-expr","locations":[{"start":{"line":148,"column":126},"end":{"line":148,"column":141}},{"start":{"line":148,"column":141},"end":{"line":148,"column":142}}],"line":148},"35":{"loc":{"start":{"line":160,"column":23},"end":{"line":160,"column":null}},"type":"binary-expr","locations":[{"start":{"line":160,"column":23},"end":{"line":160,"column":45}},{"start":{"line":160,"column":45},"end":{"line":160,"column":null}}],"line":160}},"s":{"0":12,"1":12,"2":1,"3":11,"4":11,"5":1,"6":10,"7":10,"8":10,"9":10,"10":27,"11":36,"12":10,"13":10,"14":10,"15":10,"16":10,"17":10,"18":740,"19":10,"20":10,"21":10,"22":10,"23":10,"24":10,"25":10,"26":10,"27":10,"28":10,"29":27,"30":27,"31":18,"32":27,"33":10,"34":10,"35":18,"36":27,"37":18,"38":18,"39":18,"40":18,"41":18,"42":18,"43":18,"44":27,"45":54,"46":27,"47":27,"48":27,"49":27,"50":18,"51":10,"52":85},"f":{"0":12,"1":27,"2":36,"3":10,"4":740,"5":10,"6":10,"7":10,"8":27,"9":18,"10":27,"11":27,"12":54,"13":85},"b":{"0":[1,11],"1":[1,10],"2":[27,0],"3":[27,0],"4":[27,0],"5":[27,0],"6":[27,0],"7":[27,0],"8":[27,0],"9":[27,0],"10":[27,0],"11":[27,0],"12":[27,0],"13":[10,0],"14":[10,0],"15":[10,0],"16":[10,0],"17":[10,0],"18":[10,0],"19":[10,0],"20":[10,0],"21":[27,0],"22":[18,9],"23":[18,0],"24":[18,0],"25":[18,0],"26":[18,0],"27":[18,0],"28":[18,0],"29":[18,0],"30":[18,0],"31":[18,0],"32":[18,0],"33":[18,0],"34":[18,0],"35":[27,0]},"meta":{"lastBranch":36,"lastFunction":14,"lastStatement":53,"seen":{"f:24:22:24:38":0,"s:26:18:26:Infinity":0,"b:27:2:27:Infinity:undefined:undefined:undefined:undefined":0,"s:27:2:27:Infinity":1,"s:27:16:27:Infinity":2,"s:29:16:29:Infinity":3,"b:30:2:30:Infinity:undefined:undefined:undefined:undefined":1,"s:30:2:30:Infinity":4,"s:30:14:30:Infinity":5,"s:32:16:32:Infinity":6,"s:33:16:33:Infinity":7,"s:34:18:34:Infinity":8,"s:37:38:52:Infinity":9,"f:37:48:37:49":1,"s:37:59:52:4":10,"b:41:12:41:27:41:27:41:Infinity":2,"b:42:14:42:31:42:31:42:Infinity":3,"b:43:10:43:23:43:23:43:Infinity":4,"b:44:15:44:33:44:33:44:Infinity":5,"b:45:17:45:36:45:36:45:41":6,"b:46:18:46:37:46:37:46:42":7,"b:47:15:47:34:47:34:47:39":8,"b:48:10:48:29:48:29:48:34":9,"b:49:15:49:34:49:34:49:39":10,"b:50:14:50:33:50:33:50:Infinity":11,"b:51:10:51:59:51:59:51:Infinity":12,"f:51:21:51:22":2,"s:51:28:51:48":11,"s:55:21:55:Infinity":12,"s:58:24:58:Infinity":13,"s:61:2:74:Infinity":14,"f:61:21:61:22":3,"s:62:29:62:Infinity":15,"s:63:10:63:Infinity":16,"s:65:4:65:Infinity":17,"f:65:23:65:24":4,"s:65:33:65:50":18,"s:66:4:66:Infinity":19,"s:67:4:69:Infinity":20,"f:67:22:67:28":5,"s:68:6:68:Infinity":21,"s:71:4:71:Infinity":22,"s:72:4:72:Infinity":23,"s:73:4:73:Infinity":24,"f:77:9:77:25":6,"s:78:24:78:Infinity":25,"s:80:2:120:Infinity":26,"b:100:24:100:46:100:46:100:48":13,"b:101:27:101:53:101:53:101:55":14,"b:102:24:102:39:102:39:102:41":15,"b:103:15:103:31:103:31:103:33":16,"b:104:13:104:27:104:27:104:29":17,"b:111:18:111:39:111:39:111:41":18,"b:114:31:114:53:114:53:114:55":19,"b:120:57:120:73:120:73:120:83":20,"f:126:9:126:28":7,"s:128:55:128:Infinity":27,"s:129:2:133:Infinity":28,"f:129:20:129:21":8,"s:130:20:130:Infinity":29,"b:130:20:130:33:130:33:130:Infinity":21,"b:131:4:131:Infinity:undefined:undefined:undefined:undefined":22,"s:131:4:131:Infinity":30,"s:131:30:131:Infinity":31,"s:132:4:132:Infinity":32,"s:135:17:135:Infinity":33,"s:137:2:171:Infinity":34,"f:137:37:137:38":9,"s:139:17:139:Infinity":35,"f:139:28:139:29":10,"s:139:35:139:54":36,"s:140:17:140:Infinity":37,"b:140:17:140:37:140:37:140:Infinity":23,"s:142:10:142:Infinity":38,"b:142:21:142:36:142:36:142:42":24,"b:142:42:142:56:142:56:142:62":25,"b:142:67:142:82:142:82:142:Infinity":26,"s:143:10:143:Infinity":39,"b:143:21:143:36:143:36:143:42":27,"b:143:42:143:56:143:56:143:Infinity":28,"s:144:19:144:Infinity":40,"s:145:10:145:Infinity":41,"b:145:22:145:37:145:37:145:43":29,"b:145:43:145:57:145:57:145:63":30,"s:147:4:153:Infinity":42,"b:148:33:148:51:148:51:148:57":31,"b:148:70:148:85:148:85:148:86":32,"b:148:98:148:112:148:112:148:113":33,"b:148:126:148:141:148:141:148:142":34,"s:158:4:166:Infinity":43,"f:158:22:158:23":11,"s:159:23:159:Infinity":44,"f:159:42:159:43":12,"s:159:50:159:67":45,"s:160:23:160:Infinity":46,"b:160:23:160:45:160:45:160:Infinity":35,"s:161:23:161:Infinity":47,"s:162:23:162:Infinity":48,"s:164:6:164:Infinity":49,"s:168:4:168:Infinity":50,"s:173:2:178:Infinity":51,"f:185:9:185:19":13,"s:186:2:191:Infinity":52}}}
,"/home/runner/workspace/server/pdfGenerator.ts": {"path":"/home/runner/workspace/server/pdfGenerator.ts","statementMap":{"0":{"start":{"line":28,"column":15},"end":{"line":37,"column":null}},"1":{"start":{"line":39,"column":14},"end":{"line":43,"column":null}},"2":{"start":{"line":46,"column":2},"end":{"line":88,"column":null}},"3":{"start":{"line":47,"column":16},"end":{"line":47,"column":null}},"4":{"start":{"line":48,"column":29},"end":{"line":48,"column":null}},"5":{"start":{"line":50,"column":4},"end":{"line":50,"column":null}},"6":{"start":{"line":50,"column":30},"end":{"line":50,"column":48}},"7":{"start":{"line":51,"column":4},"end":{"line":51,"column":null}},"8":{"start":{"line":51,"column":24},"end":{"line":51,"column":54}},"9":{"start":{"line":52,"column":4},"end":{"line":52,"column":null}},"10":{"start":{"line":55,"column":4},"end":{"line":55,"column":null}},"11":{"start":{"line":56,"column":4},"end":{"line":56,"column":null}},"12":{"start":{"line":59,"column":4},"end":{"line":59,"column":null}},"13":{"start":{"line":62,"column":4},"end":{"line":69,"column":null}},"14":{"start":{"line":63,"column":26},"end":{"line":63,"column":null}},"15":{"start":{"line":63,"column":53},"end":{"line":63,"column":73}},"16":{"start":{"line":64,"column":24},"end":{"line":64,"column":null}},"17":{"start":{"line":64,"column":54},"end":{"line":64,"column":75}},"18":{"start":{"line":65,"column":25},"end":{"line":65,"column":null}},"19":{"start":{"line":65,"column":51},"end":{"line":65,"column":71}},"20":{"start":{"line":67,"column":6},"end":{"line":67,"column":null}},"21":{"start":{"line":68,"column":6},"end":{"line":68,"column":null}},"22":{"start":{"line":72,"column":4},"end":{"line":72,"column":null}},"23":{"start":{"line":73,"column":4},"end":{"line":73,"column":null}},"24":{"start":{"line":76,"column":4},"end":{"line":79,"column":null}},"25":{"start":{"line":77,"column":6},"end":{"line":77,"column":null}},"26":{"start":{"line":78,"column":6},"end":{"line":78,"column":null}},"27":{"start":{"line":82,"column":4},"end":{"line":85,"column":null}},"28":{"start":{"line":83,"column":6},"end":{"line":83,"column":null}},"29":{"start":{"line":84,"column":6},"end":{"line":84,"column":null}},"30":{"start":{"line":87,"column":4},"end":{"line":87,"column":null}},"31":{"start":{"line":93,"column":2},"end":{"line":93,"column":null}},"32":{"start":{"line":96,"column":2},"end":{"line":96,"column":null}},"33":{"start":{"line":99,"column":2},"end":{"line":99,"column":null}},"34":{"start":{"line":100,"column":2},"end":{"line":100,"column":null}},"35":{"start":{"line":101,"column":2},"end":{"line":101,"column":null}},"36":{"start":{"line":104,"column":16},"end":{"line":104,"column":null}},"37":{"start":{"line":105,"column":16},"end":{"line":105,"column":null}},"38":{"start":{"line":106,"column":19},"end":{"line":106,"column":null}},"39":{"start":{"line":108,"column":2},"end":{"line":108,"column":null}},"40":{"start":{"line":109,"column":2},"end":{"line":109,"column":null}},"41":{"start":{"line":111,"column":2},"end":{"line":111,"column":null}},"42":{"start":{"line":112,"column":2},"end":{"line":112,"column":null}},"43":{"start":{"line":114,"column":2},"end":{"line":114,"column":null}},"44":{"start":{"line":115,"column":2},"end":{"line":117,"column":null}},"45":{"start":{"line":119,"column":2},"end":{"line":119,"column":null}},"46":{"start":{"line":120,"column":2},"end":{"line":120,"column":null}},"47":{"start":{"line":123,"column":20},"end":{"line":123,"column":null}},"48":{"start":{"line":124,"column":2},"end":{"line":126,"column":null}},"49":{"start":{"line":128,"column":2},"end":{"line":128,"column":null}},"50":{"start":{"line":129,"column":2},"end":{"line":129,"column":null}},"51":{"start":{"line":131,"column":2},"end":{"line":131,"column":null}},"52":{"start":{"line":132,"column":2},"end":{"line":132,"column":null}},"53":{"start":{"line":135,"column":2},"end":{"line":135,"column":null}},"54":{"start":{"line":139,"column":2},"end":{"line":139,"column":null}},"55":{"start":{"line":140,"column":2},"end":{"line":140,"column":null}},"56":{"start":{"line":142,"column":16},"end":{"line":142,"column":null}},"57":{"start":{"line":143,"column":21},"end":{"line":143,"column":null}},"58":{"start":{"line":145,"column":2},"end":{"line":145,"column":null}},"59":{"start":{"line":146,"column":2},"end":{"line":146,"column":null}},"60":{"start":{"line":147,"column":2},"end":{"line":147,"column":null}},"61":{"start":{"line":148,"column":2},"end":{"line":148,"column":null}},"62":{"start":{"line":149,"column":2},"end":{"line":149,"column":null}},"63":{"start":{"line":150,"column":2},"end":{"line":150,"column":null}},"64":{"start":{"line":152,"column":2},"end":{"line":154,"column":null}},"65":{"start":{"line":156,"column":18},"end":{"line":156,"column":null}},"66":{"start":{"line":157,"column":2},"end":{"line":159,"column":null}},"67":{"start":{"line":170,"column":2},"end":{"line":170,"column":null}},"68":{"start":{"line":171,"column":2},"end":{"line":171,"column":null}},"69":{"start":{"line":173,"column":13},"end":{"line":173,"column":null}},"70":{"start":{"line":176,"column":2},"end":{"line":183,"column":null}},"71":{"start":{"line":177,"column":17},"end":{"line":177,"column":null}},"72":{"start":{"line":178,"column":20},"end":{"line":178,"column":null}},"73":{"start":{"line":179,"column":4},"end":{"line":181,"column":null}},"74":{"start":{"line":182,"column":4},"end":{"line":182,"column":null}},"75":{"start":{"line":186,"column":2},"end":{"line":207,"column":null}},"76":{"start":{"line":187,"column":4},"end":{"line":187,"column":null}},"77":{"start":{"line":188,"column":4},"end":{"line":188,"column":null}},"78":{"start":{"line":189,"column":4},"end":{"line":189,"column":null}},"79":{"start":{"line":191,"column":4},"end":{"line":206,"column":null}},"80":{"start":{"line":192,"column":6},"end":{"line":194,"column":null}},"81":{"start":{"line":195,"column":6},"end":{"line":195,"column":null}},"82":{"start":{"line":197,"column":6},"end":{"line":199,"column":null}},"83":{"start":{"line":200,"column":6},"end":{"line":200,"column":null}},"84":{"start":{"line":202,"column":6},"end":{"line":205,"column":null}},"85":{"start":{"line":203,"column":8},"end":{"line":203,"column":null}},"86":{"start":{"line":204,"column":8},"end":{"line":204,"column":null}},"87":{"start":{"line":210,"column":2},"end":{"line":236,"column":null}},"88":{"start":{"line":211,"column":4},"end":{"line":211,"column":null}},"89":{"start":{"line":212,"column":4},"end":{"line":212,"column":null}},"90":{"start":{"line":213,"column":4},"end":{"line":213,"column":null}},"91":{"start":{"line":215,"column":4},"end":{"line":235,"column":null}},"92":{"start":{"line":216,"column":12},"end":{"line":216,"column":null}},"93":{"start":{"line":217,"column":6},"end":{"line":219,"column":null}},"94":{"start":{"line":220,"column":6},"end":{"line":220,"column":null}},"95":{"start":{"line":222,"column":6},"end":{"line":228,"column":null}},"96":{"start":{"line":229,"column":6},"end":{"line":229,"column":null}},"97":{"start":{"line":231,"column":6},"end":{"line":234,"column":null}},"98":{"start":{"line":232,"column":8},"end":{"line":232,"column":null}},"99":{"start":{"line":233,"column":8},"end":{"line":233,"column":null}},"100":{"start":{"line":239,"column":2},"end":{"line":263,"column":null}},"101":{"start":{"line":240,"column":4},"end":{"line":240,"column":null}},"102":{"start":{"line":241,"column":4},"end":{"line":241,"column":null}},"103":{"start":{"line":242,"column":4},"end":{"line":242,"column":null}},"104":{"start":{"line":244,"column":4},"end":{"line":262,"column":null}},"105":{"start":{"line":245,"column":6},"end":{"line":247,"column":null}},"106":{"start":{"line":248,"column":6},"end":{"line":248,"column":null}},"107":{"start":{"line":250,"column":23},"end":{"line":250,"column":null}},"108":{"start":{"line":251,"column":6},"end":{"line":256,"column":null}},"109":{"start":{"line":252,"column":8},"end":{"line":254,"column":null}},"110":{"start":{"line":255,"column":8},"end":{"line":255,"column":null}},"111":{"start":{"line":258,"column":6},"end":{"line":261,"column":null}},"112":{"start":{"line":259,"column":8},"end":{"line":259,"column":null}},"113":{"start":{"line":260,"column":8},"end":{"line":260,"column":null}},"114":{"start":{"line":267,"column":2},"end":{"line":267,"column":null}},"115":{"start":{"line":268,"column":2},"end":{"line":268,"column":null}},"116":{"start":{"line":270,"column":13},"end":{"line":270,"column":null}},"117":{"start":{"line":273,"column":2},"end":{"line":299,"column":null}},"118":{"start":{"line":274,"column":4},"end":{"line":274,"column":null}},"119":{"start":{"line":275,"column":4},"end":{"line":275,"column":null}},"120":{"start":{"line":277,"column":4},"end":{"line":292,"column":null}},"121":{"start":{"line":278,"column":12},"end":{"line":278,"column":null}},"122":{"start":{"line":279,"column":6},"end":{"line":281,"column":null}},"123":{"start":{"line":283,"column":6},"end":{"line":285,"column":null}},"124":{"start":{"line":286,"column":6},"end":{"line":286,"column":null}},"125":{"start":{"line":288,"column":6},"end":{"line":291,"column":null}},"126":{"start":{"line":289,"column":8},"end":{"line":289,"column":null}},"127":{"start":{"line":290,"column":8},"end":{"line":290,"column":null}},"128":{"start":{"line":295,"column":4},"end":{"line":297,"column":null}},"129":{"start":{"line":298,"column":4},"end":{"line":298,"column":null}},"130":{"start":{"line":302,"column":2},"end":{"line":302,"column":null}},"131":{"start":{"line":303,"column":2},"end":{"line":303,"column":null}},"132":{"start":{"line":305,"column":2},"end":{"line":307,"column":null}},"133":{"start":{"line":308,"column":2},"end":{"line":310,"column":null}},"134":{"start":{"line":312,"column":2},"end":{"line":314,"column":null}},"135":{"start":{"line":315,"column":2},"end":{"line":317,"column":null}},"136":{"start":{"line":319,"column":2},"end":{"line":321,"column":null}},"137":{"start":{"line":322,"column":2},"end":{"line":324,"column":null}},"138":{"start":{"line":328,"column":2},"end":{"line":328,"column":null}},"139":{"start":{"line":329,"column":2},"end":{"line":329,"column":null}},"140":{"start":{"line":331,"column":13},"end":{"line":331,"column":null}},"141":{"start":{"line":333,"column":2},"end":{"line":360,"column":null}},"142":{"start":{"line":334,"column":4},"end":{"line":336,"column":null}},"143":{"start":{"line":337,"column":4},"end":{"line":337,"column":null}},"144":{"start":{"line":339,"column":21},"end":{"line":339,"column":null}},"145":{"start":{"line":340,"column":4},"end":{"line":345,"column":null}},"146":{"start":{"line":341,"column":6},"end":{"line":343,"column":null}},"147":{"start":{"line":344,"column":6},"end":{"line":344,"column":null}},"148":{"start":{"line":347,"column":4},"end":{"line":352,"column":null}},"149":{"start":{"line":348,"column":6},"end":{"line":350,"column":null}},"150":{"start":{"line":351,"column":6},"end":{"line":351,"column":null}},"151":{"start":{"line":354,"column":4},"end":{"line":354,"column":null}},"152":{"start":{"line":356,"column":4},"end":{"line":359,"column":null}},"153":{"start":{"line":357,"column":6},"end":{"line":357,"column":null}},"154":{"start":{"line":358,"column":6},"end":{"line":358,"column":null}},"155":{"start":{"line":364,"column":2},"end":{"line":364,"column":null}},"156":{"start":{"line":365,"column":2},"end":{"line":365,"column":null}},"157":{"start":{"line":367,"column":13},"end":{"line":367,"column":null}},"158":{"start":{"line":370,"column":2},"end":{"line":370,"column":null}},"159":{"start":{"line":371,"column":2},"end":{"line":371,"column":null}},"160":{"start":{"line":372,"column":2},"end":{"line":372,"column":null}},"161":{"start":{"line":373,"column":2},"end":{"line":373,"column":null}},"162":{"start":{"line":374,"column":2},"end":{"line":374,"column":null}},"163":{"start":{"line":376,"column":2},"end":{"line":376,"column":null}},"164":{"start":{"line":378,"column":2},"end":{"line":393,"column":null}},"165":{"start":{"line":379,"column":4},"end":{"line":379,"column":null}},"166":{"start":{"line":380,"column":4},"end":{"line":382,"column":null}},"167":{"start":{"line":383,"column":4},"end":{"line":383,"column":null}},"168":{"start":{"line":384,"column":4},"end":{"line":384,"column":null}},"169":{"start":{"line":385,"column":4},"end":{"line":385,"column":null}},"170":{"start":{"line":387,"column":4},"end":{"line":387,"column":null}},"171":{"start":{"line":389,"column":4},"end":{"line":392,"column":null}},"172":{"start":{"line":390,"column":6},"end":{"line":390,"column":null}},"173":{"start":{"line":391,"column":6},"end":{"line":391,"column":null}},"174":{"start":{"line":397,"column":2},"end":{"line":397,"column":null}},"175":{"start":{"line":398,"column":2},"end":{"line":398,"column":null}}},"fnMap":{"0":{"name":"generateInspectionPDF","decl":{"start":{"line":45,"column":22},"end":{"line":45,"column":44}},"loc":{"start":{"line":45,"column":82},"end":{"line":89,"column":null}},"line":45},"1":{"name":"(anonymous_1)","decl":{"start":{"line":46,"column":21},"end":{"line":46,"column":22}},"loc":{"start":{"line":46,"column":42},"end":{"line":88,"column":3}},"line":46},"2":{"name":"(anonymous_2)","decl":{"start":{"line":50,"column":19},"end":{"line":50,"column":20}},"loc":{"start":{"line":50,"column":30},"end":{"line":50,"column":48}},"line":50},"3":{"name":"(anonymous_3)","decl":{"start":{"line":51,"column":18},"end":{"line":51,"column":24}},"loc":{"start":{"line":51,"column":24},"end":{"line":51,"column":54}},"line":51},"4":{"name":"(anonymous_4)","decl":{"start":{"line":63,"column":46},"end":{"line":63,"column":47}},"loc":{"start":{"line":63,"column":53},"end":{"line":63,"column":73}},"line":63},"5":{"name":"(anonymous_5)","decl":{"start":{"line":64,"column":46},"end":{"line":64,"column":47}},"loc":{"start":{"line":64,"column":54},"end":{"line":64,"column":75}},"line":64},"6":{"name":"(anonymous_6)","decl":{"start":{"line":65,"column":44},"end":{"line":65,"column":45}},"loc":{"start":{"line":65,"column":51},"end":{"line":65,"column":71}},"line":65},"7":{"name":"renderCoverPage","decl":{"start":{"line":91,"column":9},"end":{"line":91,"column":25}},"loc":{"start":{"line":91,"column":85},"end":{"line":136,"column":null}},"line":91},"8":{"name":"renderClaimInfo","decl":{"start":{"line":138,"column":9},"end":{"line":138,"column":25}},"loc":{"start":{"line":138,"column":85},"end":{"line":160,"column":null}},"line":138},"9":{"name":"renderRoomDetail","decl":{"start":{"line":162,"column":9},"end":{"line":162,"column":null}},"loc":{"start":{"line":168,"column":2},"end":{"line":264,"column":null}},"line":168},"10":{"name":"renderEstimateSummary","decl":{"start":{"line":266,"column":9},"end":{"line":266,"column":31}},"loc":{"start":{"line":266,"column":91},"end":{"line":325,"column":null}},"line":266},"11":{"name":"renderPhotoAppendix","decl":{"start":{"line":327,"column":9},"end":{"line":327,"column":29}},"loc":{"start":{"line":327,"column":95},"end":{"line":361,"column":null}},"line":327},"12":{"name":"renderMoistureReport","decl":{"start":{"line":363,"column":9},"end":{"line":363,"column":30}},"loc":{"start":{"line":363,"column":98},"end":{"line":394,"column":null}},"line":363},"13":{"name":"renderInfoRow","decl":{"start":{"line":396,"column":9},"end":{"line":396,"column":23}},"loc":{"start":{"line":396,"column":106},"end":{"line":399,"column":null}},"line":396}},"branchMap":{"0":{"loc":{"start":{"line":76,"column":4},"end":{"line":79,"column":null}},"type":"if","locations":[{"start":{"line":76,"column":4},"end":{"line":79,"column":null}},{"start":{},"end":{}}],"line":76},"1":{"loc":{"start":{"line":82,"column":4},"end":{"line":85,"column":null}},"type":"if","locations":[{"start":{"line":82,"column":4},"end":{"line":85,"column":null}},{"start":{},"end":{}}],"line":82},"2":{"loc":{"start":{"line":82,"column":8},"end":{"line":82,"column":100}},"type":"binary-expr","locations":[{"start":{"line":82,"column":8},"end":{"line":82,"column":66}},{"start":{"line":82,"column":66},"end":{"line":82,"column":100}}],"line":82},"3":{"loc":{"start":{"line":99,"column":62},"end":{"line":99,"column":94}},"type":"binary-expr","locations":[{"start":{"line":99,"column":62},"end":{"line":99,"column":89}},{"start":{"line":99,"column":89},"end":{"line":99,"column":94}}],"line":99},"4":{"loc":{"start":{"line":100,"column":48},"end":{"line":100,"column":79}},"type":"binary-expr","locations":[{"start":{"line":100,"column":48},"end":{"line":100,"column":75}},{"start":{"line":100,"column":75},"end":{"line":100,"column":79}}],"line":100},"5":{"loc":{"start":{"line":101,"column":50},"end":{"line":101,"column":85}},"type":"binary-expr","locations":[{"start":{"line":101,"column":50},"end":{"line":101,"column":81}},{"start":{"line":101,"column":81},"end":{"line":101,"column":85}}],"line":101},"6":{"loc":{"start":{"line":109,"column":48},"end":{"line":109,"column":79}},"type":"binary-expr","locations":[{"start":{"line":109,"column":48},"end":{"line":109,"column":74}},{"start":{"line":109,"column":74},"end":{"line":109,"column":79}}],"line":109},"7":{"loc":{"start":{"line":112,"column":48},"end":{"line":112,"column":78}},"type":"binary-expr","locations":[{"start":{"line":112,"column":48},"end":{"line":112,"column":73}},{"start":{"line":112,"column":73},"end":{"line":112,"column":78}}],"line":112},"8":{"loc":{"start":{"line":117,"column":10},"end":{"line":117,"column":96}},"type":"cond-expr","locations":[{"start":{"line":117,"column":35},"end":{"line":117,"column":91}},{"start":{"line":117,"column":91},"end":{"line":117,"column":96}}],"line":117},"9":{"loc":{"start":{"line":120,"column":48},"end":{"line":120,"column":89}},"type":"binary-expr","locations":[{"start":{"line":120,"column":48},"end":{"line":120,"column":70}},{"start":{"line":120,"column":70},"end":{"line":120,"column":89}}],"line":120},"10":{"loc":{"start":{"line":145,"column":45},"end":{"line":145,"column":75}},"type":"binary-expr","locations":[{"start":{"line":145,"column":45},"end":{"line":145,"column":72}},{"start":{"line":145,"column":72},"end":{"line":145,"column":75}}],"line":145},"11":{"loc":{"start":{"line":146,"column":58},"end":{"line":146,"column":88}},"type":"binary-expr","locations":[{"start":{"line":146,"column":58},"end":{"line":146,"column":85}},{"start":{"line":146,"column":85},"end":{"line":146,"column":88}}],"line":146},"12":{"loc":{"start":{"line":147,"column":69},"end":{"line":147,"column":102}},"type":"binary-expr","locations":[{"start":{"line":147,"column":69},"end":{"line":147,"column":100}},{"start":{"line":147,"column":100},"end":{"line":147,"column":102}}],"line":147},"13":{"loc":{"start":{"line":147,"column":107},"end":{"line":147,"column":129}},"type":"binary-expr","locations":[{"start":{"line":147,"column":107},"end":{"line":147,"column":127}},{"start":{"line":147,"column":127},"end":{"line":147,"column":129}}],"line":147},"14":{"loc":{"start":{"line":147,"column":134},"end":{"line":147,"column":157}},"type":"binary-expr","locations":[{"start":{"line":147,"column":134},"end":{"line":147,"column":155}},{"start":{"line":147,"column":155},"end":{"line":147,"column":157}}],"line":147},"15":{"loc":{"start":{"line":147,"column":161},"end":{"line":147,"column":182}},"type":"binary-expr","locations":[{"start":{"line":147,"column":161},"end":{"line":147,"column":180}},{"start":{"line":147,"column":180},"end":{"line":147,"column":182}}],"line":147},"16":{"loc":{"start":{"line":148,"column":62},"end":{"line":148,"column":91}},"type":"binary-expr","locations":[{"start":{"line":148,"column":62},"end":{"line":148,"column":88}},{"start":{"line":148,"column":88},"end":{"line":148,"column":91}}],"line":148},"17":{"loc":{"start":{"line":149,"column":60},"end":{"line":149,"column":88}},"type":"binary-expr","locations":[{"start":{"line":149,"column":60},"end":{"line":149,"column":85}},{"start":{"line":149,"column":85},"end":{"line":149,"column":88}}],"line":149},"18":{"loc":{"start":{"line":150,"column":68},"end":{"line":150,"column":148}},"type":"cond-expr","locations":[{"start":{"line":150,"column":93},"end":{"line":150,"column":145}},{"start":{"line":150,"column":145},"end":{"line":150,"column":148}}],"line":150},"19":{"loc":{"start":{"line":170,"column":67},"end":{"line":170,"column":96}},"type":"binary-expr","locations":[{"start":{"line":170,"column":67},"end":{"line":170,"column":85}},{"start":{"line":170,"column":85},"end":{"line":170,"column":96}}],"line":170},"20":{"loc":{"start":{"line":176,"column":2},"end":{"line":183,"column":null}},"type":"if","locations":[{"start":{"line":176,"column":2},"end":{"line":183,"column":null}},{"start":{},"end":{}}],"line":176},"21":{"loc":{"start":{"line":178,"column":20},"end":{"line":178,"column":null}},"type":"cond-expr","locations":[{"start":{"line":178,"column":48},"end":{"line":178,"column":85}},{"start":{"line":178,"column":85},"end":{"line":178,"column":null}}],"line":178},"22":{"loc":{"start":{"line":178,"column":20},"end":{"line":178,"column":48}},"type":"binary-expr","locations":[{"start":{"line":178,"column":20},"end":{"line":178,"column":35}},{"start":{"line":178,"column":35},"end":{"line":178,"column":48}}],"line":178},"23":{"loc":{"start":{"line":181,"column":48},"end":{"line":181,"column":76}},"type":"binary-expr","locations":[{"start":{"line":181,"column":48},"end":{"line":181,"column":63}},{"start":{"line":181,"column":63},"end":{"line":181,"column":76}}],"line":181},"24":{"loc":{"start":{"line":186,"column":2},"end":{"line":207,"column":null}},"type":"if","locations":[{"start":{"line":186,"column":2},"end":{"line":207,"column":null}},{"start":{},"end":{}}],"line":186},"25":{"loc":{"start":{"line":199,"column":17},"end":{"line":199,"column":38}},"type":"binary-expr","locations":[{"start":{"line":199,"column":17},"end":{"line":199,"column":35}},{"start":{"line":199,"column":35},"end":{"line":199,"column":38}}],"line":199},"26":{"loc":{"start":{"line":199,"column":54},"end":{"line":199,"column":79}},"type":"binary-expr","locations":[{"start":{"line":199,"column":54},"end":{"line":199,"column":70}},{"start":{"line":199,"column":70},"end":{"line":199,"column":79}}],"line":199},"27":{"loc":{"start":{"line":202,"column":6},"end":{"line":205,"column":null}},"type":"if","locations":[{"start":{"line":202,"column":6},"end":{"line":205,"column":null}},{"start":{},"end":{}}],"line":202},"28":{"loc":{"start":{"line":210,"column":2},"end":{"line":236,"column":null}},"type":"if","locations":[{"start":{"line":210,"column":2},"end":{"line":236,"column":null}},{"start":{},"end":{}}],"line":210},"29":{"loc":{"start":{"line":216,"column":26},"end":{"line":216,"column":49}},"type":"binary-expr","locations":[{"start":{"line":216,"column":26},"end":{"line":216,"column":43}},{"start":{"line":216,"column":43},"end":{"line":216,"column":49}}],"line":216},"30":{"loc":{"start":{"line":216,"column":49},"end":{"line":216,"column":null}},"type":"binary-expr","locations":[{"start":{"line":216,"column":49},"end":{"line":216,"column":67}},{"start":{"line":216,"column":67},"end":{"line":216,"column":null}}],"line":216},"31":{"loc":{"start":{"line":225,"column":47},"end":{"line":225,"column":68}},"type":"binary-expr","locations":[{"start":{"line":225,"column":47},"end":{"line":225,"column":65}},{"start":{"line":225,"column":65},"end":{"line":225,"column":68}}],"line":225},"32":{"loc":{"start":{"line":231,"column":6},"end":{"line":234,"column":null}},"type":"if","locations":[{"start":{"line":231,"column":6},"end":{"line":234,"column":null}},{"start":{},"end":{}}],"line":231},"33":{"loc":{"start":{"line":239,"column":2},"end":{"line":263,"column":null}},"type":"if","locations":[{"start":{"line":239,"column":2},"end":{"line":263,"column":null}},{"start":{},"end":{}}],"line":239},"34":{"loc":{"start":{"line":247,"column":19},"end":{"line":247,"column":43}},"type":"binary-expr","locations":[{"start":{"line":247,"column":19},"end":{"line":247,"column":36}},{"start":{"line":247,"column":36},"end":{"line":247,"column":43}}],"line":247},"35":{"loc":{"start":{"line":251,"column":6},"end":{"line":256,"column":null}},"type":"if","locations":[{"start":{"line":251,"column":6},"end":{"line":256,"column":null}},{"start":{},"end":{}}],"line":251},"36":{"loc":{"start":{"line":258,"column":6},"end":{"line":261,"column":null}},"type":"if","locations":[{"start":{"line":258,"column":6},"end":{"line":261,"column":null}},{"start":{},"end":{}}],"line":258},"37":{"loc":{"start":{"line":278,"column":26},"end":{"line":278,"column":49}},"type":"binary-expr","locations":[{"start":{"line":278,"column":26},"end":{"line":278,"column":43}},{"start":{"line":278,"column":43},"end":{"line":278,"column":49}}],"line":278},"38":{"loc":{"start":{"line":278,"column":49},"end":{"line":278,"column":null}},"type":"binary-expr","locations":[{"start":{"line":278,"column":49},"end":{"line":278,"column":67}},{"start":{"line":278,"column":67},"end":{"line":278,"column":null}}],"line":278},"39":{"loc":{"start":{"line":288,"column":6},"end":{"line":291,"column":null}},"type":"if","locations":[{"start":{"line":288,"column":6},"end":{"line":291,"column":null}},{"start":{},"end":{}}],"line":288},"40":{"loc":{"start":{"line":336,"column":12},"end":{"line":336,"column":38}},"type":"binary-expr","locations":[{"start":{"line":336,"column":12},"end":{"line":336,"column":29}},{"start":{"line":336,"column":29},"end":{"line":336,"column":38}}],"line":336},"41":{"loc":{"start":{"line":340,"column":4},"end":{"line":345,"column":null}},"type":"if","locations":[{"start":{"line":340,"column":4},"end":{"line":345,"column":null}},{"start":{},"end":{}}],"line":340},"42":{"loc":{"start":{"line":347,"column":4},"end":{"line":352,"column":null}},"type":"if","locations":[{"start":{"line":347,"column":4},"end":{"line":352,"column":null}},{"start":{},"end":{}}],"line":347},"43":{"loc":{"start":{"line":356,"column":4},"end":{"line":359,"column":null}},"type":"if","locations":[{"start":{"line":356,"column":4},"end":{"line":359,"column":null}},{"start":{},"end":{}}],"line":356},"44":{"loc":{"start":{"line":382,"column":12},"end":{"line":382,"column":37}},"type":"binary-expr","locations":[{"start":{"line":382,"column":12},"end":{"line":382,"column":32}},{"start":{"line":382,"column":32},"end":{"line":382,"column":37}}],"line":382},"45":{"loc":{"start":{"line":383,"column":13},"end":{"line":383,"column":42}},"type":"binary-expr","locations":[{"start":{"line":383,"column":13},"end":{"line":383,"column":37}},{"start":{"line":383,"column":37},"end":{"line":383,"column":42}}],"line":383},"46":{"loc":{"start":{"line":385,"column":16},"end":{"line":385,"column":42}},"type":"binary-expr","locations":[{"start":{"line":385,"column":16},"end":{"line":385,"column":39}},{"start":{"line":385,"column":39},"end":{"line":385,"column":42}}],"line":385},"47":{"loc":{"start":{"line":389,"column":4},"end":{"line":392,"column":null}},"type":"if","locations":[{"start":{"line":389,"column":4},"end":{"line":392,"column":null}},{"start":{},"end":{}}],"line":389}},"s":{"0":1,"1":1,"2":13,"3":13,"4":13,"5":13,"6":1988,"7":13,"8":13,"9":13,"10":13,"11":13,"12":13,"13":13,"14":31,"15":411,"16":31,"17":411,"18":31,"19":2,"20":31,"21":31,"22":13,"23":13,"24":13,"25":1,"26":1,"27":13,"28":2,"29":2,"30":13,"31":13,"32":13,"33":13,"34":13,"35":13,"36":13,"37":13,"38":13,"39":13,"40":13,"41":13,"42":13,"43":13,"44":13,"45":13,"46":13,"47":13,"48":13,"49":13,"50":13,"51":13,"52":13,"53":13,"54":13,"55":13,"56":13,"57":13,"58":13,"59":13,"60":13,"61":13,"62":13,"63":13,"64":13,"65":13,"66":13,"67":31,"68":31,"69":31,"70":31,"71":31,"72":31,"73":31,"74":31,"75":31,"76":31,"77":31,"78":31,"79":31,"80":31,"81":31,"82":31,"83":31,"84":31,"85":0,"86":0,"87":31,"88":31,"89":31,"90":31,"91":31,"92":31,"93":31,"94":31,"95":31,"96":31,"97":31,"98":0,"99":0,"100":31,"101":1,"102":1,"103":1,"104":1,"105":2,"106":2,"107":2,"108":2,"109":2,"110":2,"111":2,"112":0,"113":0,"114":13,"115":13,"116":13,"117":13,"118":12,"119":12,"120":12,"121":12,"122":12,"123":12,"124":12,"125":12,"126":0,"127":0,"128":12,"129":12,"130":13,"131":13,"132":13,"133":13,"134":13,"135":13,"136":13,"137":13,"138":1,"139":1,"140":1,"141":1,"142":2,"143":2,"144":2,"145":2,"146":2,"147":2,"148":2,"149":2,"150":2,"151":2,"152":2,"153":0,"154":0,"155":2,"156":2,"157":2,"158":2,"159":2,"160":2,"161":2,"162":2,"163":2,"164":2,"165":3,"166":3,"167":3,"168":3,"169":3,"170":3,"171":3,"172":0,"173":0,"174":78,"175":78},"f":{"0":13,"1":13,"2":1988,"3":13,"4":411,"5":411,"6":2,"7":13,"8":13,"9":31,"10":13,"11":1,"12":2,"13":78},"b":{"0":[1,12],"1":[2,11],"2":[13,11],"3":[13,1],"4":[13,1],"5":[13,1],"6":[13,1],"7":[13,1],"8":[13,0],"9":[13,1],"10":[13,1],"11":[13,1],"12":[13,1],"13":[13,1],"14":[13,1],"15":[13,1],"16":[13,1],"17":[13,1],"18":[13,0],"19":[31,0],"20":[31,0],"21":[31,0],"22":[31,31],"23":[31,0],"24":[31,0],"25":[31,0],"26":[31,0],"27":[0,31],"28":[31,0],"29":[31,0],"30":[31,0],"31":[31,0],"32":[0,31],"33":[1,30],"34":[2,0],"35":[2,0],"36":[0,2],"37":[12,0],"38":[12,0],"39":[0,12],"40":[2,0],"41":[2,0],"42":[2,0],"43":[0,2],"44":[3,0],"45":[3,0],"46":[3,0],"47":[0,3]},"meta":{"lastBranch":48,"lastFunction":14,"lastStatement":176,"seen":{"s:28:15:37:Infinity":0,"s:39:14:43:Infinity":1,"f:45:22:45:44":0,"s:46:2:88:Infinity":2,"f:46:21:46:22":1,"s:47:16:47:Infinity":3,"s:48:29:48:Infinity":4,"s:50:4:50:Infinity":5,"f:50:19:50:20":2,"s:50:30:50:48":6,"s:51:4:51:Infinity":7,"f:51:18:51:24":3,"s:51:24:51:54":8,"s:52:4:52:Infinity":9,"s:55:4:55:Infinity":10,"s:56:4:56:Infinity":11,"s:59:4:59:Infinity":12,"s:62:4:69:Infinity":13,"s:63:26:63:Infinity":14,"f:63:46:63:47":4,"s:63:53:63:73":15,"s:64:24:64:Infinity":16,"f:64:46:64:47":5,"s:64:54:64:75":17,"s:65:25:65:Infinity":18,"f:65:44:65:45":6,"s:65:51:65:71":19,"s:67:6:67:Infinity":20,"s:68:6:68:Infinity":21,"s:72:4:72:Infinity":22,"s:73:4:73:Infinity":23,"b:76:4:79:Infinity:undefined:undefined:undefined:undefined":0,"s:76:4:79:Infinity":24,"s:77:6:77:Infinity":25,"s:78:6:78:Infinity":26,"b:82:4:85:Infinity:undefined:undefined:undefined:undefined":1,"s:82:4:85:Infinity":27,"b:82:8:82:66:82:66:82:100":2,"s:83:6:83:Infinity":28,"s:84:6:84:Infinity":29,"s:87:4:87:Infinity":30,"f:91:9:91:25":7,"s:93:2:93:Infinity":31,"s:96:2:96:Infinity":32,"s:99:2:99:Infinity":33,"b:99:62:99:89:99:89:99:94":3,"s:100:2:100:Infinity":34,"b:100:48:100:75:100:75:100:79":4,"s:101:2:101:Infinity":35,"b:101:50:101:81:101:81:101:85":5,"s:104:16:104:Infinity":36,"s:105:16:105:Infinity":37,"s:106:19:106:Infinity":38,"s:108:2:108:Infinity":39,"s:109:2:109:Infinity":40,"b:109:48:109:74:109:74:109:79":6,"s:111:2:111:Infinity":41,"s:112:2:112:Infinity":42,"b:112:48:112:73:112:73:112:78":7,"s:114:2:114:Infinity":43,"s:115:2:117:Infinity":44,"b:117:35:117:91:117:91:117:96":8,"s:119:2:119:Infinity":45,"s:120:2:120:Infinity":46,"b:120:48:120:70:120:70:120:89":9,"s:123:20:123:Infinity":47,"s:124:2:126:Infinity":48,"s:128:2:128:Infinity":49,"s:129:2:129:Infinity":50,"s:131:2:131:Infinity":51,"s:132:2:132:Infinity":52,"s:135:2:135:Infinity":53,"f:138:9:138:25":8,"s:139:2:139:Infinity":54,"s:140:2:140:Infinity":55,"s:142:16:142:Infinity":56,"s:143:21:143:Infinity":57,"s:145:2:145:Infinity":58,"b:145:45:145:72:145:72:145:75":10,"s:146:2:146:Infinity":59,"b:146:58:146:85:146:85:146:88":11,"s:147:2:147:Infinity":60,"b:147:69:147:100:147:100:147:102":12,"b:147:107:147:127:147:127:147:129":13,"b:147:134:147:155:147:155:147:157":14,"b:147:161:147:180:147:180:147:182":15,"s:148:2:148:Infinity":61,"b:148:62:148:88:148:88:148:91":16,"s:149:2:149:Infinity":62,"b:149:60:149:85:149:85:149:88":17,"s:150:2:150:Infinity":63,"b:150:93:150:145:150:145:150:148":18,"s:152:2:154:Infinity":64,"s:156:18:156:Infinity":65,"s:157:2:159:Infinity":66,"f:162:9:162:Infinity":9,"s:170:2:170:Infinity":67,"b:170:67:170:85:170:85:170:96":19,"s:171:2:171:Infinity":68,"s:173:13:173:Infinity":69,"b:176:2:183:Infinity:undefined:undefined:undefined:undefined":20,"s:176:2:183:Infinity":70,"s:177:17:177:Infinity":71,"s:178:20:178:Infinity":72,"b:178:48:178:85:178:85:178:Infinity":21,"b:178:20:178:35:178:35:178:48":22,"s:179:4:181:Infinity":73,"b:181:48:181:63:181:63:181:76":23,"s:182:4:182:Infinity":74,"b:186:2:207:Infinity:undefined:undefined:undefined:undefined":24,"s:186:2:207:Infinity":75,"s:187:4:187:Infinity":76,"s:188:4:188:Infinity":77,"s:189:4:189:Infinity":78,"s:191:4:206:Infinity":79,"s:192:6:194:Infinity":80,"s:195:6:195:Infinity":81,"s:197:6:199:Infinity":82,"b:199:17:199:35:199:35:199:38":25,"b:199:54:199:70:199:70:199:79":26,"s:200:6:200:Infinity":83,"b:202:6:205:Infinity:undefined:undefined:undefined:undefined":27,"s:202:6:205:Infinity":84,"s:203:8:203:Infinity":85,"s:204:8:204:Infinity":86,"b:210:2:236:Infinity:undefined:undefined:undefined:undefined":28,"s:210:2:236:Infinity":87,"s:211:4:211:Infinity":88,"s:212:4:212:Infinity":89,"s:213:4:213:Infinity":90,"s:215:4:235:Infinity":91,"s:216:12:216:Infinity":92,"b:216:26:216:43:216:43:216:49":29,"b:216:49:216:67:216:67:216:Infinity":30,"s:217:6:219:Infinity":93,"s:220:6:220:Infinity":94,"s:222:6:228:Infinity":95,"b:225:47:225:65:225:65:225:68":31,"s:229:6:229:Infinity":96,"b:231:6:234:Infinity:undefined:undefined:undefined:undefined":32,"s:231:6:234:Infinity":97,"s:232:8:232:Infinity":98,"s:233:8:233:Infinity":99,"b:239:2:263:Infinity:undefined:undefined:undefined:undefined":33,"s:239:2:263:Infinity":100,"s:240:4:240:Infinity":101,"s:241:4:241:Infinity":102,"s:242:4:242:Infinity":103,"s:244:4:262:Infinity":104,"s:245:6:247:Infinity":105,"b:247:19:247:36:247:36:247:43":34,"s:248:6:248:Infinity":106,"s:250:23:250:Infinity":107,"b:251:6:256:Infinity:undefined:undefined:undefined:undefined":35,"s:251:6:256:Infinity":108,"s:252:8:254:Infinity":109,"s:255:8:255:Infinity":110,"b:258:6:261:Infinity:undefined:undefined:undefined:undefined":36,"s:258:6:261:Infinity":111,"s:259:8:259:Infinity":112,"s:260:8:260:Infinity":113,"f:266:9:266:31":10,"s:267:2:267:Infinity":114,"s:268:2:268:Infinity":115,"s:270:13:270:Infinity":116,"s:273:2:299:Infinity":117,"s:274:4:274:Infinity":118,"s:275:4:275:Infinity":119,"s:277:4:292:Infinity":120,"s:278:12:278:Infinity":121,"b:278:26:278:43:278:43:278:49":37,"b:278:49:278:67:278:67:278:Infinity":38,"s:279:6:281:Infinity":122,"s:283:6:285:Infinity":123,"s:286:6:286:Infinity":124,"b:288:6:291:Infinity:undefined:undefined:undefined:undefined":39,"s:288:6:291:Infinity":125,"s:289:8:289:Infinity":126,"s:290:8:290:Infinity":127,"s:295:4:297:Infinity":128,"s:298:4:298:Infinity":129,"s:302:2:302:Infinity":130,"s:303:2:303:Infinity":131,"s:305:2:307:Infinity":132,"s:308:2:310:Infinity":133,"s:312:2:314:Infinity":134,"s:315:2:317:Infinity":135,"s:319:2:321:Infinity":136,"s:322:2:324:Infinity":137,"f:327:9:327:29":11,"s:328:2:328:Infinity":138,"s:329:2:329:Infinity":139,"s:331:13:331:Infinity":140,"s:333:2:360:Infinity":141,"s:334:4:336:Infinity":142,"b:336:12:336:29:336:29:336:38":40,"s:337:4:337:Infinity":143,"s:339:21:339:Infinity":144,"b:340:4:345:Infinity:undefined:undefined:undefined:undefined":41,"s:340:4:345:Infinity":145,"s:341:6:343:Infinity":146,"s:344:6:344:Infinity":147,"b:347:4:352:Infinity:undefined:undefined:undefined:undefined":42,"s:347:4:352:Infinity":148,"s:348:6:350:Infinity":149,"s:351:6:351:Infinity":150,"s:354:4:354:Infinity":151,"b:356:4:359:Infinity:undefined:undefined:undefined:undefined":43,"s:356:4:359:Infinity":152,"s:357:6:357:Infinity":153,"s:358:6:358:Infinity":154,"f:363:9:363:30":12,"s:364:2:364:Infinity":155,"s:365:2:365:Infinity":156,"s:367:13:367:Infinity":157,"s:370:2:370:Infinity":158,"s:371:2:371:Infinity":159,"s:372:2:372:Infinity":160,"s:373:2:373:Infinity":161,"s:374:2:374:Infinity":162,"s:376:2:376:Infinity":163,"s:378:2:393:Infinity":164,"s:379:4:379:Infinity":165,"s:380:4:382:Infinity":166,"b:382:12:382:32:382:32:382:37":44,"s:383:4:383:Infinity":167,"b:383:13:383:37:383:37:383:42":45,"s:384:4:384:Infinity":168,"s:385:4:385:Infinity":169,"b:385:16:385:39:385:39:385:42":46,"s:387:4:387:Infinity":170,"b:389:4:392:Infinity:undefined:undefined:undefined:undefined":47,"s:389:4:392:Infinity":171,"s:390:6:390:Infinity":172,"s:391:6:391:Infinity":173,"f:396:9:396:23":13,"s:397:2:397:Infinity":174,"s:398:2:398:Infinity":175}}}
}
